{"level":"info","message":"Usuário sendo criado","timestamp":"2023-11-14T12:40:50.975Z"}
{"level":"info","message":"Usuário sendo criado","timestamp":"2023-11-14T12:40:51.776Z"}
{"level":"error","message":"Error: Username already exists\n    at CreateUserUseCase.<anonymous> (C:\\Users\\james\\Documents\\4.Projetos\\15.medical_appointment\\src\\useCases\\create-user\\create-user.usecase.ts:21:30)\n    at Generator.next (<anonymous>)\n    at fulfilled (C:\\Users\\james\\Documents\\4.Projetos\\15.medical_appointment\\src\\useCases\\create-user\\create-user.usecase.ts:5:58)\n    at processTicksAndRejections (node:internal/process/task_queues:95:5)","timestamp":"2023-11-14T12:40:51.778Z"}
{"level":"info","message":"Usuário sendo criado","timestamp":"14/11/2023 08:46:07"}
{"level":"info","message":"Usuário sendo criado","timestamp":"14/11/2023 08:46:08"}
{"level":"error","message":"Error: Username already exists\n    at CreateUserUseCase.<anonymous> (C:\\Users\\james\\Documents\\4.Projetos\\15.medical_appointment\\src\\useCases\\create-user\\create-user.usecase.ts:21:30)\n    at Generator.next (<anonymous>)\n    at fulfilled (C:\\Users\\james\\Documents\\4.Projetos\\15.medical_appointment\\src\\useCases\\create-user\\create-user.usecase.ts:5:58)\n    at processTicksAndRejections (node:internal/process/task_queues:95:5)","timestamp":"14/11/2023 08:46:08"}
{"level":"info","message":"Usuário sendo criado","timestamp":"14/11/2023 08:52:07"}
{"level":"info","message":"Usuário sendo criado","timestamp":"14/11/2023 08:52:08"}
{"level":"error","message":"PARAMETER_REQUIERED_ERROR: Username already exists\n    at CreateUserUseCase.<anonymous> (C:\\Users\\james\\Documents\\4.Projetos\\15.medical_appointment\\src\\useCases\\create-user\\create-user.usecase.ts:22:30)\n    at Generator.next (<anonymous>)\n    at fulfilled (C:\\Users\\james\\Documents\\4.Projetos\\15.medical_appointment\\src\\useCases\\create-user\\create-user.usecase.ts:5:58)\n    at processTicksAndRejections (node:internal/process/task_queues:95:5)","timestamp":"14/11/2023 08:52:08"}
{"level":"info","message":"Usuário sendo criado","timestamp":"14/11/2023 08:52:57"}
{"level":"info","message":"Usuário sendo criado","timestamp":"14/11/2023 08:52:58"}
{"level":"error","message":"PARAMETER_REQUIERED_ERROR: Username already exists\n    at CreateUserUseCase.<anonymous> (C:\\Users\\james\\Documents\\4.Projetos\\15.medical_appointment\\src\\useCases\\create-user\\create-user.usecase.ts:22:30)\n    at Generator.next (<anonymous>)\n    at fulfilled (C:\\Users\\james\\Documents\\4.Projetos\\15.medical_appointment\\src\\useCases\\create-user\\create-user.usecase.ts:5:58)\n    at processTicksAndRejections (node:internal/process/task_queues:95:5)","timestamp":"14/11/2023 08:52:58"}
{"level":"info","message":"Usuário sendo criado","timestamp":"14/11/2023 08:56:53"}
{"level":"info","message":"Usuário sendo criado","timestamp":"14/11/2023 08:56:54"}
{"level":"error","message":"PARAMETER_REQUIERED_ERROR: Username already exists\n    at CreateUserUseCase.<anonymous> (C:\\Users\\james\\Documents\\4.Projetos\\15.medical_appointment\\src\\useCases\\create-user\\create-user.usecase.ts:22:30)\n    at Generator.next (<anonymous>)\n    at fulfilled (C:\\Users\\james\\Documents\\4.Projetos\\15.medical_appointment\\src\\useCases\\create-user\\create-user.usecase.ts:5:58)\n    at processTicksAndRejections (node:internal/process/task_queues:95:5)","timestamp":"14/11/2023 08:56:54"}
{"level":"info","message":"Usuário sendo criado","timestamp":"14/11/2023 08:57:45"}
{"level":"info","message":"Usuário sendo criado","timestamp":"14/11/2023 08:57:46"}
{"level":"error","message":"PARAMETER_REQUIERED_ERROR: Username already exists\n    at CreateUserUseCase.<anonymous> (C:\\Users\\james\\Documents\\4.Projetos\\15.medical_appointment\\src\\useCases\\create-user\\create-user.usecase.ts:22:30)\n    at Generator.next (<anonymous>)\n    at fulfilled (C:\\Users\\james\\Documents\\4.Projetos\\15.medical_appointment\\src\\useCases\\create-user\\create-user.usecase.ts:5:58)\n    at processTicksAndRejections (node:internal/process/task_queues:95:5)","timestamp":"14/11/2023 08:57:46"}
{"level":"info","message":"Usuário sendo criado","timestamp":"14/11/2023 08:57:56"}
{"level":"info","message":"Usuário sendo criado","timestamp":"14/11/2023 08:57:57"}
{"level":"info","message":"Usuário sendo criado","timestamp":"14/11/2023 08:58:11"}
{"level":"info","message":"Usuário sendo criado","timestamp":"14/11/2023 08:58:12"}
{"level":"info","message":"Usuário sendo criado","timestamp":"14/11/2023 08:58:25"}
{"level":"info","message":"Usuário sendo criado","timestamp":"14/11/2023 08:58:27"}
{"level":"info","message":"Usuário sendo criado","timestamp":"14/11/2023 18:38:16"}
{"level":"info","message":"Usuário sendo criado","timestamp":"14/11/2023 18:38:33"}
{"level":"info","message":"Usuário sendo criado","timestamp":"14/11/2023 18:44:32"}
{"level":"info","message":"Usuário sendo criado","timestamp":"14/11/2023 18:46:53"}
{"level":"error","message":"PARAMETER_REQUIERED_ERROR: Username already exists\n    at CreateUserUseCase.<anonymous> (C:\\Users\\james\\Documents\\4.Projetos\\15.medical_appointment\\src\\modules\\users\\useCases\\create-user\\create-user.usecase.ts:25:30)\n    at Generator.next (<anonymous>)\n    at fulfilled (C:\\Users\\james\\Documents\\4.Projetos\\15.medical_appointment\\src\\modules\\users\\useCases\\create-user\\create-user.usecase.ts:5:58)","timestamp":"14/11/2023 18:46:53"}
{"level":"info","message":"Usuário sendo criado","timestamp":"14/11/2023 18:57:07"}
{"level":"error","message":"Username already exists\n    at CreateUserUseCase.<anonymous> (C:\\Users\\james\\Documents\\4.Projetos\\15.medical_appointment\\src\\modules\\users\\useCases\\create-user\\create-user.usecase.ts:26:30)\n    at Generator.next (<anonymous>)\n    at fulfilled (C:\\Users\\james\\Documents\\4.Projetos\\15.medical_appointment\\src\\modules\\users\\useCases\\create-user\\create-user.usecase.ts:5:58)","timestamp":"14/11/2023 18:57:07"}
{"level":"info","message":"Usuário sendo criado","timestamp":"14/11/2023 18:57:22"}
{"level":"error","message":"Username already exists\n    at CreateUserUseCase.<anonymous> (C:\\Users\\james\\Documents\\4.Projetos\\15.medical_appointment\\src\\modules\\users\\useCases\\create-user\\create-user.usecase.ts:26:30)\n    at Generator.next (<anonymous>)\n    at fulfilled (C:\\Users\\james\\Documents\\4.Projetos\\15.medical_appointment\\src\\modules\\users\\useCases\\create-user\\create-user.usecase.ts:5:58)","timestamp":"14/11/2023 18:57:22"}
{"level":"info","message":"Usuário sendo criado","timestamp":"14/11/2023 18:58:32"}
{"level":"error","message":"Username already exists\n    at CreateUserUseCase.<anonymous> (C:\\Users\\james\\Documents\\4.Projetos\\15.medical_appointment\\src\\modules\\users\\useCases\\create-user\\create-user.usecase.ts:26:30)\n    at Generator.next (<anonymous>)\n    at fulfilled (C:\\Users\\james\\Documents\\4.Projetos\\15.medical_appointment\\src\\modules\\users\\useCases\\create-user\\create-user.usecase.ts:5:58)","timestamp":"14/11/2023 18:58:32"}
{"level":"info","message":"Usuário sendo criado","timestamp":"14/11/2023 18:59:45"}
{"level":"error","message":"ERROR: Username already exists\n    at CreateUserUseCase.<anonymous> (C:\\Users\\james\\Documents\\4.Projetos\\15.medical_appointment\\src\\modules\\users\\useCases\\create-user\\create-user.usecase.ts:26:30)\n    at Generator.next (<anonymous>)\n    at fulfilled (C:\\Users\\james\\Documents\\4.Projetos\\15.medical_appointment\\src\\modules\\users\\useCases\\create-user\\create-user.usecase.ts:5:58)","timestamp":"14/11/2023 18:59:46"}
{"level":"info","message":"Usuário sendo criado","timestamp":"14/11/2023 19:00:46"}
{"level":"error","message":"ERROR: Username already exists\n    at CreateUserUseCase.<anonymous> (C:\\Users\\james\\Documents\\4.Projetos\\15.medical_appointment\\src\\modules\\users\\useCases\\create-user\\create-user.usecase.ts:26:30)\n    at Generator.next (<anonymous>)\n    at fulfilled (C:\\Users\\james\\Documents\\4.Projetos\\15.medical_appointment\\src\\modules\\users\\useCases\\create-user\\create-user.usecase.ts:5:58)","timestamp":"14/11/2023 19:00:46"}
{"level":"error","message":"ERROR: Username already exists\n    at CreateUserUseCase.<anonymous> (C:\\Users\\james\\Documents\\4.Projetos\\15.medical_appointment\\src\\modules\\users\\useCases\\create-user\\create-user.usecase.ts:26:30)\n    at Generator.next (<anonymous>)\n    at fulfilled (C:\\Users\\james\\Documents\\4.Projetos\\15.medical_appointment\\src\\modules\\users\\useCases\\create-user\\create-user.usecase.ts:5:58)","timestamp":"14/11/2023 19:03:58"}
